<?xml version="1.0" encoding="UTF-8"?>
<testng-results ignored="0" total="3" passed="3" failed="0" skipped="0">
  <reporter-output>
  </reporter-output>
  <suite started-at="2019-12-06T10:35:04 IST" name="Default suite" finished-at="2019-12-06T10:35:04 IST" duration-ms="57">
    <groups>
    </groups>
    <test started-at="2019-12-06T10:35:04 IST" name="Default test" finished-at="2019-12-06T10:35:04 IST" duration-ms="57">
      <class name="chandra_mpj.chandra.Para">
        <test-method is-config="true" signature="beforesuite()[pri:0, instance:chandra_mpj.chandra.Para@79b06cab]" started-at="2019-12-06T10:35:04 IST" name="beforesuite" finished-at="2019-12-06T10:35:04 IST" duration-ms="16" status="PASS">
          <reporter-output>
          </reporter-output>
        </test-method> <!-- beforesuite -->
        <test-method is-config="true" signature="beforetest()[pri:0, instance:chandra_mpj.chandra.Para@79b06cab]" started-at="2019-12-06T10:35:04 IST" name="beforetest" finished-at="2019-12-06T10:35:04 IST" duration-ms="0" status="PASS">
          <reporter-output>
          </reporter-output>
        </test-method> <!-- beforetest -->
        <test-method is-config="true" signature="beforeclass()[pri:0, instance:chandra_mpj.chandra.Para@79b06cab]" started-at="2019-12-06T10:35:04 IST" name="beforeclass" finished-at="2019-12-06T10:35:04 IST" duration-ms="0" status="PASS">
          <reporter-output>
          </reporter-output>
        </test-method> <!-- beforeclass -->
        <test-method is-config="true" signature="beforemehod()[pri:0, instance:chandra_mpj.chandra.Para@79b06cab]" started-at="2019-12-06T10:35:04 IST" name="beforemehod" finished-at="2019-12-06T10:35:04 IST" duration-ms="0" status="PASS">
          <reporter-output>
          </reporter-output>
        </test-method> <!-- beforemehod -->
        <test-method signature="test1()[pri:0, instance:chandra_mpj.chandra.Para@79b06cab]" started-at="2019-12-06T10:35:04 IST" name="test1" finished-at="2019-12-06T10:35:04 IST" duration-ms="7" status="PASS">
          <reporter-output>
          </reporter-output>
        </test-method> <!-- test1 -->
        <test-method is-config="true" signature="aftermethod()[pri:0, instance:chandra_mpj.chandra.Para@79b06cab]" started-at="2019-12-06T10:35:04 IST" name="aftermethod" finished-at="2019-12-06T10:35:04 IST" duration-ms="0" status="PASS">
          <reporter-output>
          </reporter-output>
        </test-method> <!-- aftermethod -->
        <test-method is-config="true" signature="beforemehod()[pri:0, instance:chandra_mpj.chandra.Para@79b06cab]" started-at="2019-12-06T10:35:04 IST" name="beforemehod" finished-at="2019-12-06T10:35:04 IST" duration-ms="1" status="PASS">
          <reporter-output>
          </reporter-output>
        </test-method> <!-- beforemehod -->
        <test-method signature="test2()[pri:1, instance:chandra_mpj.chandra.Para@79b06cab]" started-at="2019-12-06T10:35:04 IST" name="test2" finished-at="2019-12-06T10:35:04 IST" duration-ms="2" status="PASS">
          <reporter-output>
          </reporter-output>
        </test-method> <!-- test2 -->
        <test-method is-config="true" signature="aftermethod()[pri:0, instance:chandra_mpj.chandra.Para@79b06cab]" started-at="2019-12-06T10:35:04 IST" name="aftermethod" finished-at="2019-12-06T10:35:04 IST" duration-ms="0" status="PASS">
          <reporter-output>
          </reporter-output>
        </test-method> <!-- aftermethod -->
        <test-method is-config="true" signature="beforemehod()[pri:0, instance:chandra_mpj.chandra.Para@79b06cab]" started-at="2019-12-06T10:35:04 IST" name="beforemehod" finished-at="2019-12-06T10:35:04 IST" duration-ms="1" status="PASS">
          <reporter-output>
          </reporter-output>
        </test-method> <!-- beforemehod -->
        <test-method signature="test3()[pri:0, instance:chandra_mpj.chandra.Para@79b06cab]" started-at="2019-12-06T10:35:04 IST" name="test3" finished-at="2019-12-06T10:35:04 IST" depends-on-methods="chandra_mpj.chandra.Para.test2" duration-ms="1" status="PASS">
          <reporter-output>
          </reporter-output>
        </test-method> <!-- test3 -->
        <test-method is-config="true" signature="aftermethod()[pri:0, instance:chandra_mpj.chandra.Para@79b06cab]" started-at="2019-12-06T10:35:04 IST" name="aftermethod" finished-at="2019-12-06T10:35:04 IST" duration-ms="1" status="PASS">
          <reporter-output>
          </reporter-output>
        </test-method> <!-- aftermethod -->
        <test-method is-config="true" signature="afterclass()[pri:0, instance:chandra_mpj.chandra.Para@79b06cab]" started-at="2019-12-06T10:35:04 IST" name="afterclass" finished-at="2019-12-06T10:35:04 IST" duration-ms="0" status="PASS">
          <reporter-output>
          </reporter-output>
        </test-method> <!-- afterclass -->
        <test-method is-config="true" signature="aftertest()[pri:0, instance:chandra_mpj.chandra.Para@79b06cab]" started-at="2019-12-06T10:35:04 IST" name="aftertest" finished-at="2019-12-06T10:35:04 IST" duration-ms="1" status="PASS">
          <reporter-output>
          </reporter-output>
        </test-method> <!-- aftertest -->
        <test-method is-config="true" signature="aftersuite()[pri:0, instance:chandra_mpj.chandra.Para@79b06cab]" started-at="2019-12-06T10:35:05 IST" name="aftersuite" finished-at="2019-12-06T10:35:05 IST" duration-ms="1" status="PASS">
          <reporter-output>
          </reporter-output>
        </test-method> <!-- aftersuite -->
      </class> <!-- chandra_mpj.chandra.Para -->
    </test> <!-- Default test -->
  </suite> <!-- Default suite -->
</testng-results>
