<?xml version="1.0" encoding="UTF-8"?>
<!-- Generated by org.testng.reporters.JUnitXMLReporter -->
<testsuite ignored="5" hostname="SREENU-PC" failures="0" tests="4" name="Test" time="0.066" errors="0" timestamp="2019-12-05T16:11:54 IST">
  <testcase classname="chandra_mpj.chandra.Para" name="test1" time="0.006"/>
  <testcase classname="chandra_mpj.chandra.Para" name="test3" time="0.002"/>
  <testcase classname="chandra_mpj.chandra.Parameters1" name="test3" time="0.002"/>
  <testcase classname="chandra_mpj.chandra.Parameters1" name="test4" time="0.002"/>
  <testcase classname="chandra_mpj.chandra.Basicstestng" name="@BeforeSuite beforesuite" time="0.0">
    <ignored/>
  </testcase> <!-- @BeforeSuite beforesuite -->
  <testcase classname="chandra_mpj.chandra.Basicstestng" name="@AfterTest aftertest" time="0.0">
    <ignored/>
  </testcase> <!-- @AfterTest aftertest -->
  <testcase classname="chandra_mpj.chandra.Basicstestng" name="@BeforeTest beforetest" time="0.0">
    <ignored/>
  </testcase> <!-- @BeforeTest beforetest -->
  <testcase classname="chandra_mpj.chandra.Basicstestng" name="@AfterSuite aftersuite" time="0.0">
    <ignored/>
  </testcase> <!-- @AfterSuite aftersuite -->
  <testcase classname="chandra_mpj.chandra.Para" name="test2" time="0.0">
    <ignored/>
  </testcase> <!-- test2 -->
</testsuite> <!-- Test -->
