<?xml version="1.0" encoding="UTF-8"?>
<!-- Generated by org.testng.reporters.JUnitXMLReporter -->
<testsuite ignored="0" hostname="SREENU-PC" failures="0" tests="3" name="Default test" time="0.057" errors="0" timestamp="2019-12-06T10:35:04 IST">
  <testcase classname="chandra_mpj.chandra.Para" name="test1" time="0.007"/>
  <testcase classname="chandra_mpj.chandra.Para" name="test2" time="0.002"/>
  <testcase classname="chandra_mpj.chandra.Para" name="test3" time="0.001"/>
</testsuite> <!-- Default test -->
